2025-03-25 10:31:57,737 - INFO: [INITIATE] The program has started to extract quarter audit and year 2024 data
2025-03-25 10:31:58,588 - INFO: [BATCH PROCESS] Finding batch process (arg: 1) for company index 0 to 238
2025-03-25 10:31:59,404 - INFO: [SELECTION PROCESS] After selection process, amount of companies that will be scraped is 174
2025-03-25 12:34:58,063 - INFO: [PROGRESS] Processing execution has finished taking duration of 02:02:58.
2025-03-25 12:34:58,894 - INFO: [RESULT] Successfully insert 1 quarter companies data to Database. Values: ['BOBA.JK'].
2025-03-25 12:34:59,732 - INFO: [RESULT] Successfully insert 1 annual companies data to Database. Values: ['BOBA.JK'].
2025-03-27 00:51:42,796 - INFO: [INITIATE] The program has started to extract quarter audit and year 2024 data
2025-03-27 00:51:43,762 - INFO: [BATCH PROCESS] Finding batch process (arg: 1) for company index 0 to 238
2025-03-27 00:51:44,628 - INFO: [SELECTION PROCESS] After selection process, amount of companies that will be scraped is 173
2025-03-27 02:16:46,116 - INFO: [PROGRESS] Processing execution has finished taking duration of 01:25:01.
2025-03-27 02:16:47,072 - INFO: [RESULT] Successfully insert 9 quarter companies data to Database. Values: ['BUAH.JK', 'BUDI.JK', 'BUKK.JK', 'BUVA.JK', 'CAMP.JK', 'CARS.JK', 'ABBA.JK', 'ACST.JK', 'ADES.JK'].
2025-03-27 02:16:47,878 - INFO: [RESULT] Successfully insert 9 annual companies data to Database. Values: ['BUAH.JK', 'BUDI.JK', 'BUKK.JK', 'BUVA.JK', 'CAMP.JK', 'CARS.JK', 'ABBA.JK', 'ACST.JK', 'ADES.JK'].
2025-03-28 01:05:13,152 - INFO: [INITIATE] The program has started to extract quarter audit and year 2024 data
2025-03-28 01:05:17,408 - INFO: [BATCH PROCESS] Finding batch process (arg: 2) for company index 238 to 476
2025-03-28 01:05:18,059 - INFO: [SELECTION PROCESS] After selection process, amount of companies that will be scraped is 195
2025-03-28 01:28:13,494 - INFO: [PROGRESS] Processing execution has finished taking duration of 00:22:55.
2025-03-28 01:28:14,850 - INFO: [RESULT] Successfully insert 72 quarter companies data to Database. Values: ['DAAZ.JK', 'DEPO.JK', 'DEWA.JK', 'DMND.JK', 'DNAR.JK', 'DOID.JK', 'DOSS.JK', 'DPNS.JK', 'DSFI.JK', 'DSSA.JK', 'DYAN.JK', 'EDGE.JK', 'EKAD.JK', 'ELSA.JK', 'ELTY.JK', 'EMTK.JK', 'ENRG.JK', 'ENZO.JK', 'EPAC.JK', 'ERAA.JK', 'ERAL.JK', 'INKP.JK', 'INPC.JK', 'INPP.JK', 'INTD.JK', 'INTP.JK', 'IOTF.JK', 'IPAC.JK', 'IPCC.JK', 'IPCM.JK', 'IRRA.JK', 'ISAP.JK', 'JARR.JK', 'JSPT.JK', 'KBLM.JK', 'KDSI.JK', 'KDTN.JK', 'KEEN.JK', 'KETR.JK', 'KICI.JK', 'KIJA.JK', 'KING.JK', 'ESTI.JK', 'EURO.JK', 'FISH.JK', 'FOOD.JK', 'GIAA.JK', 'GJTL.JK', 'GLOB.JK', 'GMFI.JK', 'GMTD.JK', 'GOOD.JK', 'GRIA.JK', 'GRPH.JK', 'GTRA.JK', 'GTSI.JK', 'GULA.JK', 'HADE.JK', 'HDFA.JK', 'HDTX.JK', 'HEAL.JK', 'HELI.JK', 'HMSP.JK', 'HYGN.JK', 'IBST.JK', 'ICBP.JK', 'IGAR.JK', 'IKPM.JK', 'INDF.JK', 'INDO.JK', 'INDS.JK', 'INDY.JK'].
2025-03-28 01:28:15,928 - INFO: [RESULT] Successfully insert 72 annual companies data to Database. Values: ['DAAZ.JK', 'DEPO.JK', 'DEWA.JK', 'DMND.JK', 'DNAR.JK', 'DOID.JK', 'DOSS.JK', 'DPNS.JK', 'DSFI.JK', 'DSSA.JK', 'DYAN.JK', 'EDGE.JK', 'EKAD.JK', 'ELSA.JK', 'ELTY.JK', 'EMTK.JK', 'ENRG.JK', 'ENZO.JK', 'EPAC.JK', 'ERAA.JK', 'ERAL.JK', 'INKP.JK', 'INPC.JK', 'INPP.JK', 'INTD.JK', 'INTP.JK', 'IOTF.JK', 'IPAC.JK', 'IPCC.JK', 'IPCM.JK', 'IRRA.JK', 'ISAP.JK', 'JARR.JK', 'JSPT.JK', 'KBLM.JK', 'KDSI.JK', 'KDTN.JK', 'KEEN.JK', 'KETR.JK', 'KICI.JK', 'KIJA.JK', 'KING.JK', 'ESTI.JK', 'EURO.JK', 'FISH.JK', 'FOOD.JK', 'GIAA.JK', 'GJTL.JK', 'GLOB.JK', 'GMFI.JK', 'GMTD.JK', 'GOOD.JK', 'GRIA.JK', 'GRPH.JK', 'GTRA.JK', 'GTSI.JK', 'GULA.JK', 'HADE.JK', 'HDFA.JK', 'HDTX.JK', 'HEAL.JK', 'HELI.JK', 'HMSP.JK', 'HYGN.JK', 'IBST.JK', 'ICBP.JK', 'IGAR.JK', 'IKPM.JK', 'INDF.JK', 'INDO.JK', 'INDS.JK', 'INDY.JK'].
2025-03-29 01:06:02,748 - INFO: [INITIATE] The program has started to extract quarter audit and year 2024 data
2025-03-29 01:06:03,501 - INFO: [BATCH PROCESS] Finding batch process (arg: 3) for company index 476 to 714
2025-03-29 01:06:04,152 - INFO: [SELECTION PROCESS] After selection process, amount of companies that will be scraped is 193
2025-03-29 01:31:47,097 - INFO: [PROGRESS] Processing execution has finished taking duration of 00:25:42.
2025-03-29 01:31:48,635 - INFO: [RESULT] Successfully insert 81 quarter companies data to Database. Values: ['MORA.JK', 'MPMX.JK', 'MPOW.JK', 'MPPA.JK', 'MSJA.JK', 'MTDL.JK', 'MTEL.JK', 'MTLA.JK', 'MTSM.JK', 'MYTX.JK', 'NASA.JK', 'NATO.JK', 'NAYZ.JK', 'NELY.JK', 'NETV.JK', 'NICE.JK', 'NICL.JK', 'NRCA.JK', 'NSSS.JK', 'NTBK.JK', 'NZIA.JK', 'OKAS.JK', 'OLIV.JK', 'OMED.JK', 'OMRE.JK', 'PACK.JK', 'PADA.JK', 'PADI.JK', 'PALM.JK', 'PDPP.JK', 'PEGE.JK', 'PEVE.JK', 'PGEO.JK', 'PGUN.JK', 'PIPA.JK', 'PKPK.JK', 'PLAN.JK', 'PMJS.JK', 'PNGO.JK', 'POLA.JK', 'PRAY.JK', 'PSDN.JK', 'PSKT.JK', 'MAIN.JK', 'MAPA.JK', 'MAPB.JK', 'MAPI.JK', 'MARK.JK', 'MASB.JK', 'MBTO.JK', 'MEDS.JK', 'MEJA.JK', 'MENN.JK', 'MERK.JK', 'MFMI.JK', 'MICE.JK', 'MIKA.JK', 'MINA.JK', 'MIRA.JK', 'MKAP.JK', 'MKPI.JK', 'MKTR.JK', 'MLIA.JK', 'MLPL.JK', 'MMLP.JK', 'MOLI.JK', 'KLBF.JK', 'KMDS.JK', 'KSIX.JK', 'LAJU.JK', 'LAPD.JK', 'LFLO.JK', 'LIFE.JK', 'LION.JK', 'LMAX.JK', 'LMPI.JK', 'LPGI.JK', 'LPIN.JK', 'LPKR.JK', 'LPLI.JK', 'LPPS.JK'].
2025-03-29 01:31:49,865 - INFO: [RESULT] Successfully insert 81 annual companies data to Database. Values: ['MORA.JK', 'MPMX.JK', 'MPOW.JK', 'MPPA.JK', 'MSJA.JK', 'MTDL.JK', 'MTEL.JK', 'MTLA.JK', 'MTSM.JK', 'MYTX.JK', 'NASA.JK', 'NATO.JK', 'NAYZ.JK', 'NELY.JK', 'NETV.JK', 'NICE.JK', 'NICL.JK', 'NRCA.JK', 'NSSS.JK', 'NTBK.JK', 'NZIA.JK', 'OKAS.JK', 'OLIV.JK', 'OMED.JK', 'OMRE.JK', 'PACK.JK', 'PADA.JK', 'PADI.JK', 'PALM.JK', 'PDPP.JK', 'PEGE.JK', 'PEVE.JK', 'PGEO.JK', 'PGUN.JK', 'PIPA.JK', 'PKPK.JK', 'PLAN.JK', 'PMJS.JK', 'PNGO.JK', 'POLA.JK', 'PRAY.JK', 'PSDN.JK', 'PSKT.JK', 'MAIN.JK', 'MAPA.JK', 'MAPB.JK', 'MAPI.JK', 'MARK.JK', 'MASB.JK', 'MBTO.JK', 'MEDS.JK', 'MEJA.JK', 'MENN.JK', 'MERK.JK', 'MFMI.JK', 'MICE.JK', 'MIKA.JK', 'MINA.JK', 'MIRA.JK', 'MKAP.JK', 'MKPI.JK', 'MKTR.JK', 'MLIA.JK', 'MLPL.JK', 'MMLP.JK', 'MOLI.JK', 'KLBF.JK', 'KMDS.JK', 'KSIX.JK', 'LAJU.JK', 'LAPD.JK', 'LFLO.JK', 'LIFE.JK', 'LION.JK', 'LMAX.JK', 'LMPI.JK', 'LPGI.JK', 'LPIN.JK', 'LPKR.JK', 'LPLI.JK', 'LPPS.JK'].
